Arguments: 
  /usr/local/bin/node /usr/local/Cellar/yarn/1.5.1/libexec/bin/yarn.js prod

PATH: 
  /usr/local/bin:/usr/bin:/bin:/usr/sbin:/sbin

Yarn version: 
  1.5.1

Node version: 
  9.6.0

Platform: 
  darwin x64

npm manifest: 
  {
    "name": "hello-next",
    "version": "1.0.0",
    "description": "",
    "main": "index.js",
    "scripts": {
      "dev-offline": "next",
      "dev": "NODE_ENV='development' yarn start",
      "prod": "NODE_ENV='production' yarn start",
      "build": "next build",
      "start": "node server.js",
      "start-prod": "NODE_ENV='production' yarn run build && forever start -c 'yarn start' ./",
      "stop-prod": "forever stop ./",
      "kill-dev": "kill -9 $(lsof -t -i:3000)"
    },
    "keywords": [],
    "author": "",
    "license": "ISC",
    "dependencies": {
      "compression": "^1.7.2",
      "express": "^4.16.2",
      "isomorphic-unfetch": "^2.0.0",
      "memory-cache": "^0.2.0",
      "next": "^5.0.0",
      "react": "^16.2.0",
      "react-dom": "^16.2.0"
    }
  }

yarn manifest: 
  No manifest

Lockfile: 
  No lockfile

Trace: 
  Error: Command failed.
  Exit code: 1
  Command: sh
  Arguments: -c NODE_ENV='production' yarn start
  Directory: /Users/glm/Desktop/Code/hello-next
  Output:
  
      at ProcessTermError.MessageError (/usr/local/Cellar/yarn/1.5.1/libexec/lib/cli.js:186:110)
      at new ProcessTermError (/usr/local/Cellar/yarn/1.5.1/libexec/lib/cli.js:226:113)
      at ChildProcess.<anonymous> (/usr/local/Cellar/yarn/1.5.1/libexec/lib/cli.js:30281:17)
      at ChildProcess.emit (events.js:125:13)
      at maybeClose (internal/child_process.js:933:16)
      at Process.ChildProcess._handle.onexit (internal/child_process.js:220:5)
